<?xml version="1.0" encoding="UTF-8"?>
<!-- Generated by org.testng.reporters.JUnitReportReporter -->
<testsuite skipped="1" hostname="IBM135-PC07QFAM" name="testcases.Patient_Add_SecondaryMedInsurance" tests="1" failures="0" timestamp="26 Jun 2018 10:57:23 GMT" time="0.008" errors="0">
  <testcase name="patient_add_secMedInsurance" time="0.008" classname="testcases.Patient_Add_SecondaryMedInsurance">
    <skipped/>
  </testcase> <!-- patient_add_secMedInsurance -->
</testsuite> <!-- testcases.Patient_Add_SecondaryMedInsurance -->
