<?xml version="1.0" encoding="UTF-8"?>
<!-- Generated by org.testng.reporters.JUnitReportReporter -->
<testsuite skipped="1" hostname="IBM135-PC07QFAM" name="testcases.Patient_Edit_SecondaryMedInsurance" tests="1" failures="0" timestamp="26 Jun 2018 10:57:23 GMT" time="0.006" errors="0">
  <testcase name="patient_edit_secMedInsurance" time="0.006" classname="testcases.Patient_Edit_SecondaryMedInsurance">
    <skipped/>
  </testcase> <!-- patient_edit_secMedInsurance -->
</testsuite> <!-- testcases.Patient_Edit_SecondaryMedInsurance -->
