<?xml version="1.0" encoding="UTF-8"?>
<!-- Generated by org.testng.reporters.JUnitReportReporter -->
<testsuite skipped="1" hostname="IBM135-PC07QFAM" name="testcases.ProviderLogin" tests="1" failures="0" timestamp="26 Jun 2018 10:57:23 GMT" time="0.061" errors="0">
  <testcase name="provider_Login" time="0.061" classname="testcases.ProviderLogin">
    <skipped/>
  </testcase> <!-- provider_Login -->
</testsuite> <!-- testcases.ProviderLogin -->
