<?xml version="1.0" encoding="UTF-8"?>
<!-- Generated by org.testng.reporters.JUnitReportReporter -->
<testsuite skipped="1" hostname="IBM135-PC07QFAM" name="testcases.Patient_AddPrescriber" tests="1" failures="0" timestamp="26 Jun 2018 10:57:23 GMT" time="0.009" errors="0">
  <testcase name="patient_addprescriber" time="0.009" classname="testcases.Patient_AddPrescriber">
    <skipped/>
  </testcase> <!-- patient_addprescriber -->
</testsuite> <!-- testcases.Patient_AddPrescriber -->
