<?xml version="1.0" encoding="UTF-8"?>
<!-- Generated by org.testng.reporters.JUnitReportReporter -->
<testsuite skipped="1" hostname="IBM135-PC07QFAM" name="testcases.Provider_forgotPassword" tests="1" failures="0" timestamp="26 Jun 2018 10:57:23 GMT" time="0.000" errors="0">
  <testcase name="providerforgotpassword" time="0.000" classname="testcases.Provider_forgotPassword">
    <skipped/>
  </testcase> <!-- providerforgotpassword -->
</testsuite> <!-- testcases.Provider_forgotPassword -->
