<?xml version="1.0" encoding="UTF-8"?>
<!-- Generated by org.testng.reporters.JUnitReportReporter -->
<testsuite skipped="1" hostname="IBM135-PC07QFAM" name="testcases.PatientRegistration" tests="1" failures="0" timestamp="26 Jun 2018 10:57:23 GMT" time="0.022" errors="0">
  <testcase name="patient_registration" time="0.022" classname="testcases.PatientRegistration">
    <skipped/>
  </testcase> <!-- patient_registration -->
</testsuite> <!-- testcases.PatientRegistration -->
