<?xml version="1.0" encoding="UTF-8"?>
<!-- Generated by org.testng.reporters.JUnitReportReporter -->
<testsuite skipped="1" hostname="IBM135-PC07QFAM" name="testcases.ProviderRegistration_SearchExistingSite" tests="1" failures="0" timestamp="26 Jun 2018 10:57:23 GMT" time="0.032" errors="0">
  <testcase name="provider_reg_searchExistingSite" time="0.032" classname="testcases.ProviderRegistration_SearchExistingSite">
    <skipped/>
  </testcase> <!-- provider_reg_searchExistingSite -->
</testsuite> <!-- testcases.ProviderRegistration_SearchExistingSite -->
