<?xml version="1.0" encoding="UTF-8"?>
<!-- Generated by org.testng.reporters.JUnitReportReporter -->
<testsuite skipped="0" hostname="LAPTOP-FMPJRGHC" name="testcases.ProviderRegistration_NewNetworkSite" tests="1" failures="0" timestamp="08 Jun 2018 14:04:49 GMT" time="269.634" errors="0">
  <testcase name="provider_reg_newNetworksite" time="269.634" classname="testcases.ProviderRegistration_NewNetworkSite"/>
</testsuite> <!-- testcases.ProviderRegistration_NewNetworkSite -->
