<?xml version="1.0" encoding="UTF-8"?>
<!-- Generated by org.testng.reporters.JUnitReportReporter -->
<testsuite skipped="0" hostname="LAPTOP-FMPJRGHC" name="testcases.ProviderLogin2" tests="1" failures="0" timestamp="23 May 2018 09:27:58 GMT" time="67.907" errors="0">
  <testcase name="provider_Login" time="67.907" classname="testcases.ProviderLogin2"/>
</testsuite> <!-- testcases.ProviderLogin2 -->
