<?xml version="1.0" encoding="UTF-8"?>
<!-- Generated by org.testng.reporters.JUnitReportReporter -->
<testsuite skipped="0" hostname="LAPTOP-FMPJRGHC" name="testcases.Patient_Add_TreatmentLocation" tests="1" failures="0" timestamp="07 Jun 2018 12:27:47 GMT" time="161.732" errors="0">
  <testcase name="patient_add_treatmentlocation" time="161.732" classname="testcases.Patient_Add_TreatmentLocation"/>
</testsuite> <!-- testcases.Patient_Add_TreatmentLocation -->
