<?xml version="1.0" encoding="UTF-8"?>
<!-- Generated by org.testng.reporters.JUnitReportReporter -->
<testsuite skipped="0" hostname="LAPTOP-FMPJRGHC" name="testcases.Patient_EditandSave" tests="1" failures="0" timestamp="07 Jun 2018 10:53:25 GMT" time="121.759" errors="0">
  <testcase name="patientdetails_editandsave" time="121.759" classname="testcases.Patient_EditandSave"/>
</testsuite> <!-- testcases.Patient_EditandSave -->
