<?xml version="1.0" encoding="UTF-8"?>
<!-- Generated by org.testng.reporters.JUnitReportReporter -->
<testsuite skipped="0" hostname="LAPTOP-FMPJRGHC" name="testcases.testhash" tests="1" failures="0" timestamp="22 May 2018 13:26:59 GMT" time="0.010" errors="0">
  <testcase name="testA" time="0.010" classname="testcases.testhash"/>
</testsuite> <!-- testcases.testhash -->
