<?xml version="1.0" encoding="UTF-8"?>
<!-- Generated by org.testng.reporters.JUnitReportReporter -->
<testsuite skipped="1" hostname="LAPTOP-FMPJRGHC" name="testcases.Patient_AddPrimaryInsurance" tests="1" failures="0" timestamp="04 Jun 2018 13:53:37 GMT" time="0.000" errors="0">
  <testcase name="patient_add_primaryInsurance" time="0.000" classname="testcases.Patient_AddPrimaryInsurance">
    <skipped/>
  </testcase> <!-- patient_add_primaryInsurance -->
</testsuite> <!-- testcases.Patient_AddPrimaryInsurance -->
