<?xml version="1.0" encoding="UTF-8"?>
<!-- Generated by org.testng.reporters.JUnitReportReporter -->
<testsuite skipped="1" hostname="LAPTOP-FMPJRGHC" name="testcases.ProviderRegistration_IndependentSite2_HT" tests="1" failures="0" timestamp="21 May 2018 11:20:37 GMT" time="0.000" errors="0">
  <testcase name="addCustomerTest" time="0.000" classname="testcases.ProviderRegistration_IndependentSite2_HT">
    <skipped/>
  </testcase> <!-- addCustomerTest -->
</testsuite> <!-- testcases.ProviderRegistration_IndependentSite2_HT -->
